<?xml version="1.0" encoding="UTF-8"?>
<testsuite name="Lducation.demo.LDucationApplicationTests" tests="1" skipped="0" failures="0" errors="0" timestamp="2023-11-12T07:34:22" hostname="gwondoyun-ui-MacBookPro.local" time="0.266">
  <properties/>
  <testcase name="contextLoads()" classname="Lducation.demo.LDucationApplicationTests" time="0.266"/>
  <system-out><![CDATA[Standard Commons Logging discovery in action with spring-jcl: please remove commons-logging.jar from classpath in order to avoid potential conflicts
16:34:20.205 [Test worker] INFO org.springframework.test.context.support.AnnotationConfigContextLoaderUtils -- Could not detect default configuration classes for test class [Lducation.demo.LDucationApplicationTests]: LDucationApplicationTests does not declare any static, non-private, non-final, nested classes annotated with @Configuration.
16:34:20.242 [Test worker] INFO org.springframework.boot.test.context.SpringBootTestContextBootstrapper -- Found @SpringBootConfiguration Lducation.demo.LDucationApplication for test class Lducation.demo.LDucationApplicationTests

  .   ____          _            __ _ _
 /\\ / ___'_ __ _ _(_)_ __  __ _ \ \ \ \
( ( )\___ | '_ | '_| | '_ \/ _` | \ \ \ \
 \\/  ___)| |_)| | | | | || (_| |  ) ) ) )
  '  |____| .__|_| |_|_| |_\__, | / / / /
 =========|_|==============|___/=/_/_/_/
 :: Spring Boot ::                (v3.1.5)

2023-11-12T16:34:20.373+09:00  INFO 30056 --- [    Test worker] L.demo.LDucationApplicationTests         : Starting LDucationApplicationTests using Java 19.0.2 with PID 30056 (started by gwondoyun in /Users/gwondoyun/Desktop/hackerton/L-ducation)
2023-11-12T16:34:20.374+09:00  INFO 30056 --- [    Test worker] L.demo.LDucationApplicationTests         : The following 2 profiles are active: "secret", "database"
2023-11-12T16:34:20.588+09:00  INFO 30056 --- [    Test worker] .s.d.r.c.RepositoryConfigurationDelegate : Bootstrapping Spring Data JPA repositories in DEFAULT mode.
2023-11-12T16:34:20.645+09:00  INFO 30056 --- [    Test worker] .s.d.r.c.RepositoryConfigurationDelegate : Finished Spring Data repository scanning in 54 ms. Found 1 JPA repository interfaces.
2023-11-12T16:34:20.817+09:00  INFO 30056 --- [    Test worker] o.hibernate.jpa.internal.util.LogHelper  : HHH000204: Processing PersistenceUnitInfo [name: default]
2023-11-12T16:34:20.832+09:00  INFO 30056 --- [    Test worker] org.hibernate.Version                    : HHH000412: Hibernate ORM core version 6.2.13.Final
2023-11-12T16:34:20.833+09:00  INFO 30056 --- [    Test worker] org.hibernate.cfg.Environment            : HHH000406: Using bytecode reflection optimizer
2023-11-12T16:34:20.925+09:00  INFO 30056 --- [    Test worker] o.s.o.j.p.SpringPersistenceUnitInfo      : No LoadTimeWeaver setup: ignoring JPA class transformer
2023-11-12T16:34:20.935+09:00  INFO 30056 --- [    Test worker] com.zaxxer.hikari.HikariDataSource       : HikariPool-1 - Starting...
2023-11-12T16:34:21.307+09:00  INFO 30056 --- [    Test worker] com.zaxxer.hikari.pool.HikariPool        : HikariPool-1 - Added connection com.mysql.cj.jdbc.ConnectionImpl@7fe87c0e
2023-11-12T16:34:21.308+09:00  INFO 30056 --- [    Test worker] com.zaxxer.hikari.HikariDataSource       : HikariPool-1 - Start completed.
2023-11-12T16:34:21.651+09:00  INFO 30056 --- [    Test worker] o.h.e.t.j.p.i.JtaPlatformInitiator       : HHH000489: No JTA platform available (set 'hibernate.transaction.jta.platform' to enable JTA platform integration)
2023-11-12T16:34:21.694+09:00  INFO 30056 --- [    Test worker] j.LocalContainerEntityManagerFactoryBean : Initialized JPA EntityManagerFactory for persistence unit 'default'
2023-11-12T16:34:21.883+09:00  WARN 30056 --- [    Test worker] JpaBaseConfiguration$JpaWebConfiguration : spring.jpa.open-in-view is enabled by default. Therefore, database queries may be performed during view rendering. Explicitly configure spring.jpa.open-in-view to disable this warning
2023-11-12T16:34:22.013+09:00  INFO 30056 --- [    Test worker] L.demo.LDucationApplicationTests         : Started LDucationApplicationTests in 1.72 seconds (process running for 2.13)
]]></system-out>
  <system-err><![CDATA[]]></system-err>
</testsuite>
